0 verbose cli [ '/usr/bin/node', '/usr/bin/npm', 'init' ]
1 info using npm@8.3.1
2 info using node@v16.14.0
3 timing npm:load:whichnode Completed in 0ms
4 timing config:load:defaults Completed in 1ms
5 timing config:load:file:/usr/lib/node_modules/npm/npmrc Completed in 13ms
6 timing config:load:builtin Completed in 14ms
7 timing config:load:cli Completed in 2ms
8 timing config:load:env Completed in 0ms
9 timing config:load:project Completed in 7ms
10 timing config:load:file:/home/ec2-user/.npmrc Completed in 0ms
11 timing config:load:user Completed in 0ms
12 timing config:load:file:/usr/etc/npmrc Completed in 0ms
13 timing config:load:global Completed in 0ms
14 timing config:load:validate Completed in 0ms
15 timing config:load:credentials Completed in 1ms
16 timing config:load:setEnvs Completed in 1ms
17 timing config:load Completed in 28ms
18 timing npm:load:configload Completed in 28ms
19 timing npm:load:setTitle Completed in 1ms
20 timing config:load:flatten Completed in 3ms
21 timing npm:load:display Completed in 5ms
22 verbose logfile /home/ec2-user/.npm/_logs/2022-03-05T16_11_00_242Z-debug-0.log
23 timing npm:load:logFile Completed in 5ms
24 timing npm:load:timers Completed in 0ms
25 timing npm:load:configScope Completed in 0ms
26 timing npm:load Completed in 42ms
27 silly package data {
27 silly package data   name: 'affil-servers',
27 silly package data   version: '1.0.0',
27 silly package data   description: '',
27 silly package data   main: 'index.ts',
27 silly package data   scripts: { test: 'echo "Error: no test specified" && exit 1' },
27 silly package data   author: 'Eddie Taliaferro II',
27 silly package data   license: 'ISC'
27 silly package data }
28 info init written successfully
29 timing command:init Completed in 43002ms
30 notice
30 notice New [33mminor[39m version of npm available! [31m8.3.1[39m -> [32m8.5.3[39m
30 notice Changelog: [36mhttps://github.com/npm/cli/releases/tag/v8.5.3[39m
30 notice Run [32mnpm install -g npm@8.5.3[39m to update!
30 notice
31 verbose exit 0
32 timing npm Completed in 43289ms
33 info ok
