0 verbose cli [ '/usr/bin/node', '/usr/bin/npm', 'audit', 'fix' ]
1 info using npm@8.3.1
2 info using node@v16.14.0
3 timing npm:load:whichnode Completed in 0ms
4 timing config:load:defaults Completed in 1ms
5 timing config:load:file:/usr/lib/node_modules/npm/npmrc Completed in 13ms
6 timing config:load:builtin Completed in 13ms
7 timing config:load:cli Completed in 2ms
8 timing config:load:env Completed in 0ms
9 timing config:load:project Completed in 6ms
10 timing config:load:file:/home/ec2-user/.npmrc Completed in 0ms
11 timing config:load:user Completed in 0ms
12 timing config:load:file:/usr/etc/npmrc Completed in 0ms
13 timing config:load:global Completed in 0ms
14 timing config:load:validate Completed in 0ms
15 timing config:load:credentials Completed in 2ms
16 timing config:load:setEnvs Completed in 1ms
17 timing config:load Completed in 27ms
18 timing npm:load:configload Completed in 27ms
19 timing npm:load:setTitle Completed in 0ms
20 timing config:load:flatten Completed in 4ms
21 timing npm:load:display Completed in 6ms
22 verbose logfile /home/ec2-user/.npm/_logs/2022-03-05T16_25_18_972Z-debug-0.log
23 timing npm:load:logFile Completed in 5ms
24 timing npm:load:timers Completed in 1ms
25 timing npm:load:configScope Completed in 0ms
26 timing npm:load Completed in 40ms
27 timing arborist:ctor Completed in 1ms
28 timing command:audit Completed in 8ms
29 verbose stack Error: loadVirtual requires existing shrinkwrap file
29 verbose stack     at Arborist.loadVirtual (/usr/lib/node_modules/npm/node_modules/@npmcli/arborist/lib/arborist/load-virtual.js:62:18)
29 verbose stack     at async Arborist.audit (/usr/lib/node_modules/npm/node_modules/@npmcli/arborist/lib/arborist/audit.js:25:18)
29 verbose stack     at async Audit.exec (/usr/lib/node_modules/npm/lib/commands/audit.js:49:5)
29 verbose stack     at async module.exports (/usr/lib/node_modules/npm/lib/cli.js:66:5)
30 verbose cwd /home/ec2-user
31 verbose Linux 4.14.262-200.489.amzn2.x86_64
32 verbose argv "/usr/bin/node" "/usr/bin/npm" "audit" "fix"
33 verbose node v16.14.0
34 verbose npm  v8.3.1
35 error code ENOLOCK
36 error audit This command requires an existing lockfile.
37 error audit Try creating one first with: npm i --package-lock-only
38 error audit Original error: loadVirtual requires existing shrinkwrap file
39 verbose exit 1
40 timing npm Completed in 285ms
41 verbose unfinished npm timer audit 1646497519242
42 verbose code 1
43 error A complete log of this run can be found in:
43 error     /home/ec2-user/.npm/_logs/2022-03-05T16_25_18_972Z-debug-0.log
